Using pre-set license
Built from '2020.3/staging' branch; Version is '2020.3.22f1 (e1a7f79fd887) revision 14788599'; Using compiler version '192528614'; Build Type 'Release'
OS: 'Windows 10 Pro; OS build 19043.1320; Version 2009; 64bit' Language: 'pl' Physical Memory: 16309 MB
BatchMode: 1, IsHumanControllingUs: 0, StartBugReporterOnCrash: 0, Is64bit: 1, IsPro: 0

COMMAND LINE ARGUMENTS:
D:\Unity\2020.3.22f1\Editor\Unity.exe
-adb2
-batchMode
-noUpm
-name
AssetImportWorker0
-projectPath
D:/Unity_Projects/My project (5)
-logFile
Logs/AssetImportWorker0.log
-srvPort
52826
Successfully changed project path to: D:/Unity_Projects/My project (5)
D:/Unity_Projects/My project (5)
Using Asset Import Pipeline V2.
Refreshing native plugins compatible for Editor in 38.72 ms, found 2 plugins.
Preloading 0 native plugins for Editor in 0.00 ms.
Initialize engine version: 2020.3.22f1 (e1a7f79fd887)
[Subsystems] Discovering subsystems at path D:/Unity/2020.3.22f1/Editor/Data/Resources/UnitySubsystems
[Subsystems] Discovering subsystems at path D:/Unity_Projects/My project (5)/Assets
GfxDevice: creating device client; threaded=0
Direct3D:
    Version:  Direct3D 11.0 [level 11.1]
    Renderer: NVIDIA GeForce GTX 1660 (ID=0x2184)
    Vendor:   
    VRAM:     5991 MB
    Driver:   30.0.14.9676
Initialize mono
Mono path[0] = 'D:/Unity/2020.3.22f1/Editor/Data/Managed'
Mono path[1] = 'D:/Unity/2020.3.22f1/Editor/Data/MonoBleedingEdge/lib/mono/unityjit'
Mono config path = 'D:/Unity/2020.3.22f1/Editor/Data/MonoBleedingEdge/etc'
Using monoOptions --debugger-agent=transport=dt_socket,embedding=1,server=y,suspend=n,address=127.0.0.1:56532
Begin MonoManager ReloadAssembly
Registering precompiled unity dll's ...
Register platform support module: D:/Unity/2020.3.22f1/Editor/Data/PlaybackEngines/WindowsStandaloneSupport/UnityEditor.WindowsStandalone.Extensions.dll
Registered in 0.000953 seconds.
Native extension for WindowsStandalone target not found
Refreshing native plugins compatible for Editor in 36.78 ms, found 2 plugins.
Preloading 0 native plugins for Editor in 0.00 ms.
Mono: successfully reloaded assembly
- Completed reload, in  0.989 seconds
Domain Reload Profiling:
	ReloadAssembly (989ms)
		BeginReloadAssembly (55ms)
			ExecutionOrderSort (0ms)
			DisableScriptedObjects (0ms)
			BackupInstance (0ms)
			ReleaseScriptingObjects (0ms)
			CreateAndSetChildDomain (1ms)
		EndReloadAssembly (369ms)
			LoadAssemblies (55ms)
			RebuildTransferFunctionScriptingTraits (0ms)
			SetupTypeCache (121ms)
			ReleaseScriptCaches (0ms)
			RebuildScriptCaches (26ms)
			SetupLoadedEditorAssemblies (148ms)
				LogAssemblyErrors (0ms)
				InitializePlatformSupportModulesInManaged (3ms)
				SetLoadedEditorAssemblies (0ms)
				RefreshPlugins (37ms)
				BeforeProcessingInitializeOnLoad (8ms)
				ProcessInitializeOnLoadAttributes (72ms)
				ProcessInitializeOnLoadMethodAttributes (27ms)
				AfterProcessingInitializeOnLoad (0ms)
				EditorAssembliesLoaded (0ms)
			ExecutionOrderSort2 (0ms)
			AwakeInstancesAfterBackupRestoration (0ms)
Platform modules already initialized, skipping
Registering precompiled user dll's ...
Registered in 0.003630 seconds.
Begin MonoManager ReloadAssembly
Native extension for WindowsStandalone target not found
Refreshing native plugins compatible for Editor in 0.51 ms, found 2 plugins.
Preloading 0 native plugins for Editor in 0.00 ms.
Mono: successfully reloaded assembly
- Completed reload, in  0.979 seconds
Domain Reload Profiling:
	ReloadAssembly (980ms)
		BeginReloadAssembly (136ms)
			ExecutionOrderSort (0ms)
			DisableScriptedObjects (4ms)
			BackupInstance (0ms)
			ReleaseScriptingObjects (0ms)
			CreateAndSetChildDomain (18ms)
		EndReloadAssembly (795ms)
			LoadAssemblies (86ms)
			RebuildTransferFunctionScriptingTraits (0ms)
			SetupTypeCache (234ms)
			ReleaseScriptCaches (0ms)
			RebuildScriptCaches (38ms)
			SetupLoadedEditorAssemblies (370ms)
				LogAssemblyErrors (0ms)
				InitializePlatformSupportModulesInManaged (4ms)
				SetLoadedEditorAssemblies (0ms)
				RefreshPlugins (1ms)
				BeforeProcessingInitializeOnLoad (50ms)
				ProcessInitializeOnLoadAttributes (304ms)
				ProcessInitializeOnLoadMethodAttributes (9ms)
				AfterProcessingInitializeOnLoad (2ms)
				EditorAssembliesLoaded (0ms)
			ExecutionOrderSort2 (0ms)
			AwakeInstancesAfterBackupRestoration (7ms)
Platform modules already initialized, skipping
========================================================================
Worker process is ready to serve import requests
Launched and connected shader compiler UnityShaderCompiler.exe after 0.04 seconds
Refreshing native plugins compatible for Editor in 0.62 ms, found 2 plugins.
Preloading 0 native plugins for Editor in 0.00 ms.
Unloading 1923 Unused Serialized files (Serialized files now loaded: 0)
System memory in use before: 86.3 MB.
System memory in use after: 86.4 MB.

Unloading 80 unused Assets to reduce memory usage. Loaded Objects now: 2354.
Total: 3.495100 ms (FindLiveObjects: 0.232300 ms CreateObjectMapping: 0.043000 ms MarkObjects: 3.034400 ms  DeleteObjects: 0.183900 ms)

AssetImportParameters requested are different than current active one (requested -> active):
  custom:framework-win-MediaFoundation: 216162199b28c13a410421893ffa2e32 -> 
  custom:video-decoder-ogg-theora: a1e56fd34408186e4bbccfd4996cb3dc -> 
  custom:container-muxer-webm: aa71ff27fc2769a1b78a27578f13a17b -> 
  custom:container-demuxer-webm: 4f35f7cbe854078d1ac9338744f61a02 -> 
  custom:container-demuxer-ogg: 62fdf1f143b41e24485cea50d1cbac27 -> 
  custom:video-encoder-webm-vp8: eb34c28f22e8b96e1ab97ce403110664 -> 
  custom:video-decoder-webm-vp8: 9c59270c3fd7afecdb556c50c9e8de78 -> 
  custom:audio-decoder-ogg-vorbis: bf7c407c2cedff20999df2af8eb42d56 -> 
  custom:audio-encoder-webm-vorbis: bf7c407c2cedff20999df2af8eb42d56 -> 
========================================================================
Received Import Request.
  path: Assets/Mini Toon Office/Models/tiles/toon_office_tile_wallcorner.fbx
  artifactKey: Guid(40a09c842bcab43448ab73a7a99c47b1) Importer(815301076,1909f56bfc062723c751e8b465ee728b)
Start importing Assets/Mini Toon Office/Models/tiles/toon_office_tile_wallcorner.fbx using Guid(40a09c842bcab43448ab73a7a99c47b1) Importer(815301076,1909f56bfc062723c751e8b465ee728b)  -> (artifact id: '61d2c456b13711947c28139a7b689051') in 0.990897 seconds 
  Import took 0.994050 seconds .

========================================================================
Received Import Request.
  Time since last request: 0.000188 seconds.
  path: Assets/Mini Toon Office/Models/props/toon_office_trashbin.fbx
  artifactKey: Guid(3330f6adcf9e24cc3bced8046fd6a615) Importer(815301076,1909f56bfc062723c751e8b465ee728b)
Start importing Assets/Mini Toon Office/Models/props/toon_office_trashbin.fbx using Guid(3330f6adcf9e24cc3bced8046fd6a615) Importer(815301076,1909f56bfc062723c751e8b465ee728b)  -> (artifact id: '2904634a3963a3c2689874af78d9c656') in 0.111862 seconds 
  Import took 0.114902 seconds .

========================================================================
Received Import Request.
  Time since last request: 0.000214 seconds.
  path: Assets/Mini Toon Office/Models/tiles/toon_office_tile_ground_high.fbx
  artifactKey: Guid(7eb9eb6936d00480185ca21627ae4927) Importer(815301076,1909f56bfc062723c751e8b465ee728b)
Start importing Assets/Mini Toon Office/Models/tiles/toon_office_tile_ground_high.fbx using Guid(7eb9eb6936d00480185ca21627ae4927) Importer(815301076,1909f56bfc062723c751e8b465ee728b)  -> (artifact id: 'f0d1ff5cc90cb9fc26c50586b733561d') in 0.056634 seconds 
  Import took 0.059471 seconds .

========================================================================
Received Import Request.
  Time since last request: 0.000199 seconds.
  path: Assets/Mini Toon Office/Models/tiles/toon_office_tile_ground_low_4x4.fbx
  artifactKey: Guid(b2a58bff693e940b0bd58bc12b2218be) Importer(815301076,1909f56bfc062723c751e8b465ee728b)
Start importing Assets/Mini Toon Office/Models/tiles/toon_office_tile_ground_low_4x4.fbx using Guid(b2a58bff693e940b0bd58bc12b2218be) Importer(815301076,1909f56bfc062723c751e8b465ee728b)  -> (artifact id: '95bba4208692602855269e22926b3a62') in 0.039864 seconds 
  Import took 0.043010 seconds .

========================================================================
Received Import Request.
  Time since last request: 0.000184 seconds.
  path: Assets/Mini Toon Office/Models/props/toon_office_cup.fbx
  artifactKey: Guid(d3a077d94ba014ce1b350d80b12ee22c) Importer(815301076,1909f56bfc062723c751e8b465ee728b)
Start importing Assets/Mini Toon Office/Models/props/toon_office_cup.fbx using Guid(d3a077d94ba014ce1b350d80b12ee22c) Importer(815301076,1909f56bfc062723c751e8b465ee728b)  -> (artifact id: 'f79b7cd4a2c2cbd6e166be5f22618a98') in 0.038407 seconds 
  Import took 0.041043 seconds .

========================================================================
Received Import Request.
  Time since last request: 0.000193 seconds.
  path: Assets/Mini Toon Office/Models/props/toon_office_notepad.fbx
  artifactKey: Guid(4bef592e3dff8493eb04a943e3ff0839) Importer(815301076,1909f56bfc062723c751e8b465ee728b)
Start importing Assets/Mini Toon Office/Models/props/toon_office_notepad.fbx using Guid(4bef592e3dff8493eb04a943e3ff0839) Importer(815301076,1909f56bfc062723c751e8b465ee728b)  -> (artifact id: '02f69848009784ef2f571cf529c3f6c6') in 0.050063 seconds 
  Import took 0.074891 seconds .

========================================================================
Received Import Request.
  Time since last request: 0.000226 seconds.
  path: Assets/Mini Toon Office/Models/props/toon_office_pilot_blue.fbx
  artifactKey: Guid(1cb06be22fb7c46859badc7b459e5fd8) Importer(815301076,1909f56bfc062723c751e8b465ee728b)
Start importing Assets/Mini Toon Office/Models/props/toon_office_pilot_blue.fbx using Guid(1cb06be22fb7c46859badc7b459e5fd8) Importer(815301076,1909f56bfc062723c751e8b465ee728b)  -> (artifact id: '41b4714249976f5dec3f4c37733b7e94') in 0.043587 seconds 
  Import took 0.046202 seconds .

========================================================================
Received Import Request.
  Time since last request: 0.000176 seconds.
  path: Assets/Mini Toon Office/Models/tiles/toon_office_tile_wall.fbx
  artifactKey: Guid(661d685e026c547f0a6c2f2d0c859fe7) Importer(815301076,1909f56bfc062723c751e8b465ee728b)
Start importing Assets/Mini Toon Office/Models/tiles/toon_office_tile_wall.fbx using Guid(661d685e026c547f0a6c2f2d0c859fe7) Importer(815301076,1909f56bfc062723c751e8b465ee728b)  -> (artifact id: '53764582ecfa9278b2ca25f6d1dd6339') in 0.054828 seconds 
  Import took 0.057496 seconds .

========================================================================
Received Import Request.
  Time since last request: 0.000191 seconds.
  path: Assets/Mini Toon Office/Models/tiles/toon_office_door.fbx
  artifactKey: Guid(b6be710e946b84c79bfa5da05149a9b8) Importer(815301076,1909f56bfc062723c751e8b465ee728b)
Start importing Assets/Mini Toon Office/Models/tiles/toon_office_door.fbx using Guid(b6be710e946b84c79bfa5da05149a9b8) Importer(815301076,1909f56bfc062723c751e8b465ee728b)  -> (artifact id: 'fa4899004b21478474551348b75f00b6') in 0.035952 seconds 
  Import took 0.038726 seconds .

========================================================================
Received Import Request.
  Time since last request: 0.000187 seconds.
  path: Assets/Mini Toon Office/Materials/Toon Office material.mat
  artifactKey: Guid(fcdb7a99237c6417a9e5766d641a824c) Importer(815301076,1909f56bfc062723c751e8b465ee728b)
Start importing Assets/Mini Toon Office/Materials/Toon Office material.mat using Guid(fcdb7a99237c6417a9e5766d641a824c) Importer(815301076,1909f56bfc062723c751e8b465ee728b)  -> (artifact id: 'e9dc97fcab1a30fed9a612134ae7bf7a') in 0.812797 seconds 
  Import took 0.815639 seconds .

========================================================================
Received Import Request.
  Time since last request: 0.000188 seconds.
  path: Assets/Mini Toon Office/Models/tiles/toon_office_tile_stairs.fbx
  artifactKey: Guid(bacbff6e3b89c4d0d9ba0f4f915718a6) Importer(815301076,1909f56bfc062723c751e8b465ee728b)
Start importing Assets/Mini Toon Office/Models/tiles/toon_office_tile_stairs.fbx using Guid(bacbff6e3b89c4d0d9ba0f4f915718a6) Importer(815301076,1909f56bfc062723c751e8b465ee728b)  -> (artifact id: '61f136e539d3615b24204bd090b1b316') in 0.055227 seconds 
  Import took 0.057884 seconds .

========================================================================
Received Import Request.
  Time since last request: 0.000213 seconds.
  path: Assets/Mini Toon Office/Models/props/toon_office_water_drinker.fbx
  artifactKey: Guid(65930675a89714e10aca9ca3a3d67258) Importer(815301076,1909f56bfc062723c751e8b465ee728b)
Start importing Assets/Mini Toon Office/Models/props/toon_office_water_drinker.fbx using Guid(65930675a89714e10aca9ca3a3d67258) Importer(815301076,1909f56bfc062723c751e8b465ee728b)  -> (artifact id: 'efabc020b6d6ca81796b2b3b94421f6e') in 0.054312 seconds 
  Import took 0.057770 seconds .

========================================================================
Received Import Request.
  Time since last request: 0.000208 seconds.
  path: Assets/Mini Toon Office/Models/props/toon_office_chair.fbx
  artifactKey: Guid(c177644a706b148e4a54b756797d7423) Importer(815301076,1909f56bfc062723c751e8b465ee728b)
Start importing Assets/Mini Toon Office/Models/props/toon_office_chair.fbx using Guid(c177644a706b148e4a54b756797d7423) Importer(815301076,1909f56bfc062723c751e8b465ee728b)  -> (artifact id: 'd405a782b9852f65b04a0208b57c2d26') in 0.035496 seconds 
  Import took 0.038794 seconds .

========================================================================
Received Import Request.
  Time since last request: 0.000222 seconds.
  path: Assets/Mini Toon Office/Models/tiles/toon_office_tile_ground_low_2x2.fbx
  artifactKey: Guid(76af168351ed34e2b91db02d4ef7bc11) Importer(815301076,1909f56bfc062723c751e8b465ee728b)
Start importing Assets/Mini Toon Office/Models/tiles/toon_office_tile_ground_low_2x2.fbx using Guid(76af168351ed34e2b91db02d4ef7bc11) Importer(815301076,1909f56bfc062723c751e8b465ee728b)  -> (artifact id: 'ecae2670dd1b018713d93e6a95fe0e97') in 0.027093 seconds 
  Import took 0.030022 seconds .

========================================================================
Received Import Request.
  Time since last request: 0.000196 seconds.
  path: Assets/Mini Toon Office/Models/tiles/toon_office_tile_wallcolumn.fbx
  artifactKey: Guid(95254ac0923c24d348f4993a0b5be633) Importer(815301076,1909f56bfc062723c751e8b465ee728b)
Start importing Assets/Mini Toon Office/Models/tiles/toon_office_tile_wallcolumn.fbx using Guid(95254ac0923c24d348f4993a0b5be633) Importer(815301076,1909f56bfc062723c751e8b465ee728b)  -> (artifact id: '96dcdc35a596e46f1f4a97a94fa639d1') in 0.406937 seconds 
  Import took 0.409859 seconds .

========================================================================
Received Import Request.
  Time since last request: 0.000168 seconds.
  path: Assets/Mini Toon Office/Models/tiles/toon_office_tile_wall_door.fbx
  artifactKey: Guid(f45f023caa61a4c70a5b476c42c8991d) Importer(815301076,1909f56bfc062723c751e8b465ee728b)
Start importing Assets/Mini Toon Office/Models/tiles/toon_office_tile_wall_door.fbx using Guid(f45f023caa61a4c70a5b476c42c8991d) Importer(815301076,1909f56bfc062723c751e8b465ee728b)  -> (artifact id: 'e65e7e76d984bd6864560119c8d8d837') in 0.041717 seconds 
  Import took 0.044530 seconds .

========================================================================
Received Import Request.
  Time since last request: 0.000177 seconds.
  path: Assets/Mini Toon Office/Models/props/toon_office_vase.fbx
  artifactKey: Guid(40ceca755e28a4070b73abe5f9490dd0) Importer(815301076,1909f56bfc062723c751e8b465ee728b)
Start importing Assets/Mini Toon Office/Models/props/toon_office_vase.fbx using Guid(40ceca755e28a4070b73abe5f9490dd0) Importer(815301076,1909f56bfc062723c751e8b465ee728b)  -> (artifact id: '7ecc77f4dfc9060119c9630a78d447d3') in 0.064539 seconds 
  Import took 0.067475 seconds .

========================================================================
Received Import Request.
  Time since last request: 0.000186 seconds.
  path: Assets/Mini Toon Office/Models/props/toon_office_desk.fbx
  artifactKey: Guid(b21338d04af03438c8213888f82aa40d) Importer(815301076,1909f56bfc062723c751e8b465ee728b)
Start importing Assets/Mini Toon Office/Models/props/toon_office_desk.fbx using Guid(b21338d04af03438c8213888f82aa40d) Importer(815301076,1909f56bfc062723c751e8b465ee728b)  -> (artifact id: '5a7ecaa299974c9bc8cc344e682180d3') in 0.051085 seconds 
  Import took 0.053973 seconds .

========================================================================
Received Import Request.
  Time since last request: 0.000156 seconds.
  path: Assets/Mini Toon Office/Models/tiles/toon_office_tile_ground_low.fbx
  artifactKey: Guid(959e3ae9e7e6b41338aa0f89fc764001) Importer(815301076,1909f56bfc062723c751e8b465ee728b)
Start importing Assets/Mini Toon Office/Models/tiles/toon_office_tile_ground_low.fbx using Guid(959e3ae9e7e6b41338aa0f89fc764001) Importer(815301076,1909f56bfc062723c751e8b465ee728b)  -> (artifact id: '18bfaf98bb79a5456ac6737a58eef220') in 0.104607 seconds 
  Import took 0.107717 seconds .

========================================================================
Received Import Request.
  Time since last request: 0.000175 seconds.
  path: Assets/Mini Toon Office/Models/props/toon_office_shelf.fbx
  artifactKey: Guid(ea14dac139004449592d2c88d2d3f4db) Importer(815301076,1909f56bfc062723c751e8b465ee728b)
Start importing Assets/Mini Toon Office/Models/props/toon_office_shelf.fbx using Guid(ea14dac139004449592d2c88d2d3f4db) Importer(815301076,1909f56bfc062723c751e8b465ee728b)  -> (artifact id: 'e0a06ce7bbcfe72c11053c2799f5f1a0') in 0.054951 seconds 
  Import took 0.058031 seconds .

========================================================================
Received Import Request.
  Time since last request: 0.000214 seconds.
  path: Assets/Mini Toon Office/Models/tiles/toon_office_tile_ground_small.fbx
  artifactKey: Guid(78990769bf46e404d91c9a9a34d5af26) Importer(815301076,1909f56bfc062723c751e8b465ee728b)
Start importing Assets/Mini Toon Office/Models/tiles/toon_office_tile_ground_small.fbx using Guid(78990769bf46e404d91c9a9a34d5af26) Importer(815301076,1909f56bfc062723c751e8b465ee728b)  -> (artifact id: '1b614d9d9698a2f5ee91a4766a66f106') in 0.126507 seconds 
  Import took 0.129132 seconds .

========================================================================
Received Import Request.
  Time since last request: 0.000174 seconds.
  path: Assets/Mini Toon Office/Models/props/toon_office_pilot_red.fbx
  artifactKey: Guid(1bb5656921e124f5b88d99c4efe85948) Importer(815301076,1909f56bfc062723c751e8b465ee728b)
Start importing Assets/Mini Toon Office/Models/props/toon_office_pilot_red.fbx using Guid(1bb5656921e124f5b88d99c4efe85948) Importer(815301076,1909f56bfc062723c751e8b465ee728b)  -> (artifact id: 'd6fa7a11dea2a4b941bc715a6e5625f9') in 0.051509 seconds 
  Import took 0.054288 seconds .

========================================================================
Received Import Request.
  Time since last request: 0.000194 seconds.
  path: Assets/Mini Toon Office/Models/props/toon_office_board.fbx
  artifactKey: Guid(2758c90967b5f4abc996051381f4ff04) Importer(815301076,1909f56bfc062723c751e8b465ee728b)
Start importing Assets/Mini Toon Office/Models/props/toon_office_board.fbx using Guid(2758c90967b5f4abc996051381f4ff04) Importer(815301076,1909f56bfc062723c751e8b465ee728b)  -> (artifact id: 'cfb04ad916f4f7500be989e7611bb52f') in 0.034394 seconds 
  Import took 0.037502 seconds .

========================================================================
Received Import Request.
  Time since last request: 0.000194 seconds.
  path: Assets/Mini Toon Office/Models/props/toon_office_bookcover.fbx
  artifactKey: Guid(eeb673a6da8434ecebd0adcb5ed0e5c9) Importer(815301076,1909f56bfc062723c751e8b465ee728b)
Start importing Assets/Mini Toon Office/Models/props/toon_office_bookcover.fbx using Guid(eeb673a6da8434ecebd0adcb5ed0e5c9) Importer(815301076,1909f56bfc062723c751e8b465ee728b)  -> (artifact id: '8d7880b2f9b1ac9eba97a62c21315857') in 0.057376 seconds 
  Import took 0.060893 seconds .

========================================================================
Received Import Request.
  Time since last request: 0.000185 seconds.
  path: Assets/Mini Toon Office/Models/tiles/toon_office_tile_wall_window.fbx
  artifactKey: Guid(4fefcaeb826ad4ef1a6c87b8434a6185) Importer(815301076,1909f56bfc062723c751e8b465ee728b)
Start importing Assets/Mini Toon Office/Models/tiles/toon_office_tile_wall_window.fbx using Guid(4fefcaeb826ad4ef1a6c87b8434a6185) Importer(815301076,1909f56bfc062723c751e8b465ee728b)  -> (artifact id: '40f18f170c8c81f556b95cd21d3292b0') in 0.188065 seconds 
  Import took 0.190726 seconds .

========================================================================
Received Import Request.
  Time since last request: 0.000261 seconds.
  path: Assets/Mini Toon Office/Models/props/toon_office_cabinet.fbx
  artifactKey: Guid(160c7c7be24134ae08522bcb8a66f852) Importer(815301076,1909f56bfc062723c751e8b465ee728b)
Start importing Assets/Mini Toon Office/Models/props/toon_office_cabinet.fbx using Guid(160c7c7be24134ae08522bcb8a66f852) Importer(815301076,1909f56bfc062723c751e8b465ee728b)  -> (artifact id: '8cddde3374b871cd9edbb45235921f2b') in 0.047497 seconds 
  Import took 0.050749 seconds .

========================================================================
Received Import Request.
  Time since last request: 0.000260 seconds.
  path: Assets/Mini Toon Office/Models/tiles/toon_office_tile_ground_slope.fbx
  artifactKey: Guid(9d45a5ab4202f43f09aefd0ff7a777aa) Importer(815301076,1909f56bfc062723c751e8b465ee728b)
Start importing Assets/Mini Toon Office/Models/tiles/toon_office_tile_ground_slope.fbx using Guid(9d45a5ab4202f43f09aefd0ff7a777aa) Importer(815301076,1909f56bfc062723c751e8b465ee728b)  -> (artifact id: 'eab39cf30f28b3589607fd2f7a790966') in 0.031043 seconds 
  Import took 0.034000 seconds .

========================================================================
Received Import Request.
  Time since last request: 0.000205 seconds.
  path: Assets/Mini Toon Office/Models/tiles/toon_office_tile_wallconnect.fbx
  artifactKey: Guid(2b40935a50200426eb90f99e6acd97ba) Importer(815301076,1909f56bfc062723c751e8b465ee728b)
Start importing Assets/Mini Toon Office/Models/tiles/toon_office_tile_wallconnect.fbx using Guid(2b40935a50200426eb90f99e6acd97ba) Importer(815301076,1909f56bfc062723c751e8b465ee728b)  -> (artifact id: '768c70815d8ec49b13899599ac749404') in 0.024534 seconds 
  Import took 0.027429 seconds .

========================================================================
Received Prepare
Registering precompiled user dll's ...
Registered in 0.004560 seconds.
Begin MonoManager ReloadAssembly
Native extension for WindowsStandalone target not found
Refreshing native plugins compatible for Editor in 0.51 ms, found 2 plugins.
Preloading 0 native plugins for Editor in 0.00 ms.
Warning: Annotation not found!
UnityEngine.StackTraceUtility:ExtractStackTrace ()
UnityEditor.ProBuilder.EditorUtility:SetGizmoIconEnabled (System.Type,bool) (at Library/PackageCache/com.unity.probuilder@5.0.3/Editor/EditorCore/EditorUtility.cs:575)
UnityEditor.ProBuilder.HierarchyListener:.cctor () (at Library/PackageCache/com.unity.probuilder@5.0.3/Editor/EditorCore/HierarchyListener.cs:21)
System.Runtime.CompilerServices.RuntimeHelpers:RunClassConstructor (System.RuntimeTypeHandle)
UnityEditor.EditorAssemblies:ProcessInitializeOnLoadAttributes (System.Type[])

[Library/PackageCache/com.unity.probuilder@5.0.3/Editor/EditorCore/EditorUtility.cs line 575]

Mono: successfully reloaded assembly
- Completed reload, in  0.939 seconds
Domain Reload Profiling:
	ReloadAssembly (940ms)
		BeginReloadAssembly (129ms)
			ExecutionOrderSort (0ms)
			DisableScriptedObjects (4ms)
			BackupInstance (0ms)
			ReleaseScriptingObjects (0ms)
			CreateAndSetChildDomain (33ms)
		EndReloadAssembly (745ms)
			LoadAssemblies (97ms)
			RebuildTransferFunctionScriptingTraits (0ms)
			SetupTypeCache (265ms)
			ReleaseScriptCaches (1ms)
			RebuildScriptCaches (37ms)
			SetupLoadedEditorAssemblies (274ms)
				LogAssemblyErrors (0ms)
				InitializePlatformSupportModulesInManaged (4ms)
				SetLoadedEditorAssemblies (0ms)
				RefreshPlugins (1ms)
				BeforeProcessingInitializeOnLoad (49ms)
				ProcessInitializeOnLoadAttributes (208ms)
				ProcessInitializeOnLoadMethodAttributes (9ms)
				AfterProcessingInitializeOnLoad (2ms)
				EditorAssembliesLoaded (0ms)
			ExecutionOrderSort2 (0ms)
			AwakeInstancesAfterBackupRestoration (6ms)
Platform modules already initialized, skipping
Refreshing native plugins compatible for Editor in 0.57 ms, found 2 plugins.
Preloading 0 native plugins for Editor in 0.00 ms.
Unloading 1890 Unused Serialized files (Serialized files now loaded: 0)
System memory in use before: 87.4 MB.
System memory in use after: 87.4 MB.

Unloading 16 unused Assets to reduce memory usage. Loaded Objects now: 2399.
Total: 4.490400 ms (FindLiveObjects: 0.241600 ms CreateObjectMapping: 0.049200 ms MarkObjects: 4.024500 ms  DeleteObjects: 0.173300 ms)

AssetImportParameters requested are different than current active one (requested -> active):
  custom:framework-win-MediaFoundation: 216162199b28c13a410421893ffa2e32 -> 
  custom:video-decoder-ogg-theora: a1e56fd34408186e4bbccfd4996cb3dc -> 
  custom:container-muxer-webm: aa71ff27fc2769a1b78a27578f13a17b -> 
  custom:container-demuxer-webm: 4f35f7cbe854078d1ac9338744f61a02 -> 
  custom:container-demuxer-ogg: 62fdf1f143b41e24485cea50d1cbac27 -> 
  custom:video-encoder-webm-vp8: eb34c28f22e8b96e1ab97ce403110664 -> 
  custom:video-decoder-webm-vp8: 9c59270c3fd7afecdb556c50c9e8de78 -> 
  custom:audio-decoder-ogg-vorbis: bf7c407c2cedff20999df2af8eb42d56 -> 
  custom:audio-encoder-webm-vorbis: bf7c407c2cedff20999df2af8eb42d56 -> 
========================================================================
Received Prepare
Refreshing native plugins compatible for Editor in 2.76 ms, found 2 plugins.
Preloading 0 native plugins for Editor in 0.00 ms.
Unloading 13 Unused Serialized files (Serialized files now loaded: 0)
System memory in use before: 50.3 MB.
System memory in use after: 50.3 MB.

Unloading 13 unused Assets to reduce memory usage. Loaded Objects now: 2399.
Total: 3.369200 ms (FindLiveObjects: 0.304200 ms CreateObjectMapping: 0.089100 ms MarkObjects: 2.907500 ms  DeleteObjects: 0.067300 ms)

AssetImportParameters requested are different than current active one (requested -> active):
  custom:framework-win-MediaFoundation: 216162199b28c13a410421893ffa2e32 -> 
  custom:video-decoder-ogg-theora: a1e56fd34408186e4bbccfd4996cb3dc -> 
  custom:container-muxer-webm: aa71ff27fc2769a1b78a27578f13a17b -> 
  custom:container-demuxer-webm: 4f35f7cbe854078d1ac9338744f61a02 -> 
  custom:container-demuxer-ogg: 62fdf1f143b41e24485cea50d1cbac27 -> 
  custom:video-encoder-webm-vp8: eb34c28f22e8b96e1ab97ce403110664 -> 
  custom:video-decoder-webm-vp8: 9c59270c3fd7afecdb556c50c9e8de78 -> 
  custom:audio-decoder-ogg-vorbis: bf7c407c2cedff20999df2af8eb42d56 -> 
  custom:audio-encoder-webm-vorbis: bf7c407c2cedff20999df2af8eb42d56 -> 
AssetImportWorkerClient::OnTransportError - code=2 error=End of file
